Configuration file: C:/VS Code/ev-ducscap_v2/_config.yml
            Source: C:/VS Code/ev-ducscap_v2
       Destination: C:/VS Code/ev-ducscap_v2/_site
 Incremental build: disabled. Enable with --incremental
      Generating... 
                    done in 0.452 seconds.
 Auto-regeneration: enabled for 'C:/VS Code/ev-ducscap_v2'
    Server address: http://127.0.0.1:4000/
  Server running... press ctrl-c to stop.
[2026-06-29 14:29:15] ERROR Errno::ECONNRESET: An existing connection was forcibly closed by the remote host. @ io_fillbuf - fd:9 
	C:/Ruby32-x64/lib/ruby/gems/3.2.0/gems/webrick-1.9.2/lib/webrick/httpserver.rb:82:in `eof?'
	C:/Ruby32-x64/lib/ruby/gems/3.2.0/gems/webrick-1.9.2/lib/webrick/httpserver.rb:82:in `run'
	C:/Ruby32-x64/lib/ruby/gems/3.2.0/gems/webrick-1.9.2/lib/webrick/server.rb:309:in `block in start_thread'
[2026-06-29 14:29:21] ERROR Errno::ECONNRESET: An existing connection was forcibly closed by the remote host. @ io_fillbuf - fd:12 
	C:/Ruby32-x64/lib/ruby/gems/3.2.0/gems/webrick-1.9.2/lib/webrick/httpserver.rb:82:in `eof?'
	C:/Ruby32-x64/lib/ruby/gems/3.2.0/gems/webrick-1.9.2/lib/webrick/httpserver.rb:82:in `run'
	C:/Ruby32-x64/lib/ruby/gems/3.2.0/gems/webrick-1.9.2/lib/webrick/server.rb:309:in `block in start_thread'
[2026-06-29 14:31:17] ERROR '/.well-known/appspecific/com.chrome.devtools.json' not found.
[2026-06-29 14:31:58] ERROR '/.well-known/appspecific/com.chrome.devtools.json' not found.
[2026-06-29 14:31:59] ERROR '/.well-known/appspecific/com.chrome.devtools.json' not found.
[2026-06-29 14:33:34] ERROR '/.well-known/appspecific/com.chrome.devtools.json' not found.
[2026-06-29 14:33:34] ERROR '/.well-known/appspecific/com.chrome.devtools.json' not found.
[2026-06-29 14:33:34] ERROR '/.well-known/appspecific/com.chrome.devtools.json' not found.
[2026-06-29 14:34:04] ERROR '/.well-known/appspecific/com.chrome.devtools.json' not found.
[2026-06-29 14:34:16] ERROR '/.well-known/appspecific/com.chrome.devtools.json' not found.
      Regenerating: 1 file(s) changed at 2026-06-29 14:42:04
                    _includes/navbar.html
                    ...done in 0.5495426 seconds.
                    
      Regenerating: 1 file(s) changed at 2026-06-29 14:42:16
                    _includes/navbar.html
                    ...done in 0.2194679 seconds.
                    
      Regenerating: 1 file(s) changed at 2026-06-29 14:42:32
                    _assets/layout/_bank-partners.scss
                    ...done in 0.2880243 seconds.
                    
      Regenerating: 19 file(s) changed at 2026-06-29 14:42:58
                    assets/fonts/fa-regular-400.ttf
                    assets/fonts/fa-brands-400.ttf
                    assets/fonts/fa-regular-400.eot
                    assets/fonts/fa-brands-400.eot
                    assets/fonts/fa-regular-400.svg
                    assets/fonts/fa-solid-900.eot
                    assets/fonts/fa-solid-900.ttf
                    assets/fonts/fa-brands-400.woff2
                    assets/fonts/fa-regular-400.woff2
                    assets/fonts/fa-brands-400.woff
                    assets/fonts/fa-regular-400.woff
                    assets/fonts/fa-brands-400.svg
                    assets/fonts/fa-solid-900.woff2
                    assets/fonts/fa-solid-900.woff
                    assets/fonts/fa-solid-900.svg
                    assets/bundle.css
                    assets/bundle.js
                    assets/bundle.js.LICENSE.txt
                    assets/img/hero.jpg
                    ...done in 0.3450207 seconds.
                    
      Regenerating: 1 file(s) changed at 2026-06-29 15:06:55
                    _assets/layout/_bank-partners.scss
                    ...done in 0.2148539 seconds.
                    
      Regenerating: 19 file(s) changed at 2026-06-29 15:07:12
                    assets/fonts/fa-regular-400.woff2
                    assets/fonts/fa-solid-900.woff
                    assets/fonts/fa-brands-400.woff2
                    assets/fonts/fa-brands-400.woff
                    assets/fonts/fa-solid-900.woff2
                    assets/fonts/fa-brands-400.ttf
                    assets/fonts/fa-brands-400.eot
                    assets/fonts/fa-regular-400.ttf
                    assets/fonts/fa-regular-400.eot
                    assets/fonts/fa-regular-400.woff
                    assets/fonts/fa-solid-900.ttf
                    assets/fonts/fa-regular-400.svg
                    assets/fonts/fa-brands-400.svg
                    assets/fonts/fa-solid-900.svg
                    assets/fonts/fa-solid-900.eot
                    assets/bundle.css
                    assets/bundle.js
                    assets/bundle.js.LICENSE.txt
                    assets/img/hero.jpg
                    ...done in 0.3271484 seconds.
                    
      Regenerating: 1 file(s) changed at 2026-06-29 15:20:42
                    assets/img/sections/multi-card-one.jpg
                    ...done in 0.3925527 seconds.
                    
      Regenerating: 1 file(s) changed at 2026-06-29 15:20:43
                    assets/img/sections/multi-card-one.jpg
                    ...done in 0.2757554 seconds.
                    
      Regenerating: 2 file(s) changed at 2026-06-29 15:21:30
                    assets/img/sections/multi-card-one_originla.jpg
                    assets/img/sections/multi-card-one.jpg
                    ...done in 0.3488785 seconds.
                    
      Regenerating: 1 file(s) changed at 2026-06-29 15:21:32
                    assets/img/sections/multi-card-one.jpg
                    ...done in 0.2149388 seconds.
                    
      Regenerating: 1 file(s) changed at 2026-06-29 15:22:23
                    _includes/multi-cards.html
                    ...done in 0.1503224 seconds.
                    
      Regenerating: 1 file(s) changed at 2026-06-29 15:23:07
                    _includes/multi-cards.html
                    ...done in 0.1945464 seconds.
                    
      Regenerating: 19 file(s) changed at 2026-06-29 15:23:25
                    assets/fonts/fa-brands-400.eot
                    assets/fonts/fa-regular-400.eot
                    assets/fonts/fa-brands-400.ttf
                    assets/fonts/fa-regular-400.ttf
                    assets/fonts/fa-solid-900.eot
                    assets/fonts/fa-brands-400.woff2
                    assets/fonts/fa-regular-400.woff2
                    assets/fonts/fa-regular-400.svg
                    assets/fonts/fa-solid-900.ttf
                    assets/fonts/fa-brands-400.woff
                    assets/fonts/fa-solid-900.woff
                    assets/fonts/fa-regular-400.woff
                    assets/fonts/fa-solid-900.svg
                    assets/fonts/fa-brands-400.svg
                    assets/fonts/fa-solid-900.woff2
                    assets/bundle.css
                    assets/bundle.js
                    assets/bundle.js.LICENSE.txt
                    assets/img/hero.jpg
                    ...done in 0.2758908 seconds.
                    
      Regenerating: 1 file(s) changed at 2026-06-29 15:24:55
                    _includes/multi-cards.html
                    ...done in 0.1634204 seconds.
                    
      Regenerating: 1 file(s) changed at 2026-06-29 15:25:13
                    _includes/multi-cards.html
                    ...done in 0.1906259 seconds.
                    
      Regenerating: 1 file(s) changed at 2026-06-29 15:25:28
                    _assets/layout/_multi-cards.scss
                    ...done in 0.1747135 seconds.
                    
[2026-06-29 15:25:34] ERROR '/.well-known/appspecific/com.chrome.devtools.json' not found.
      Regenerating: 19 file(s) changed at 2026-06-29 15:25:47
                    assets/fonts/fa-solid-900.eot
                    assets/fonts/fa-brands-400.eot
                    assets/fonts/fa-brands-400.ttf
                    assets/fonts/fa-regular-400.eot
                    assets/fonts/fa-regular-400.ttf
                    assets/fonts/fa-brands-400.woff
                    assets/fonts/fa-regular-400.woff
                    assets/fonts/fa-regular-400.svg
                    assets/fonts/fa-regular-400.woff2
                    assets/fonts/fa-solid-900.woff2
                    assets/fonts/fa-solid-900.ttf
                    assets/fonts/fa-brands-400.woff2
                    assets/fonts/fa-solid-900.woff
                    assets/fonts/fa-brands-400.svg
                    assets/fonts/fa-solid-900.svg
                    assets/bundle.css
                    assets/bundle.js
                    assets/bundle.js.LICENSE.txt
                    assets/img/hero.jpg
                    ...done in 0.3466444 seconds.
                    
      Regenerating: 1 file(s) changed at 2026-06-29 15:26:34
                    _assets/layout/_multi-cards.scss
                    ...done in 0.1262291 seconds.
                    
      Regenerating: 19 file(s) changed at 2026-06-29 15:26:52
                    assets/fonts/fa-brands-400.woff
                    assets/fonts/fa-solid-900.woff2
                    assets/fonts/fa-regular-400.woff2
                    assets/fonts/fa-solid-900.woff
                    assets/fonts/fa-brands-400.woff2
                    assets/fonts/fa-regular-400.eot
                    assets/fonts/fa-brands-400.eot
                    assets/fonts/fa-regular-400.ttf
                    assets/fonts/fa-regular-400.woff
                    assets/fonts/fa-solid-900.eot
                    assets/fonts/fa-regular-400.svg
                    assets/fonts/fa-brands-400.ttf
                    assets/fonts/fa-solid-900.ttf
                    assets/fonts/fa-brands-400.svg
                    assets/fonts/fa-solid-900.svg
                    assets/bundle.css
                    assets/bundle.js
                    assets/bundle.js.LICENSE.txt
                    assets/img/hero.jpg
                    ...done in 0.2851731 seconds.
                    
      Regenerating: 1 file(s) changed at 2026-06-29 15:27:48
                    _assets/layout/_multi-cards.scss
                    ...done in 0.1203243 seconds.
                    
      Regenerating: 1 file(s) changed at 2026-06-29 15:28:33
                    _includes/bank-partners.html
                    
      Regenerating: 1 file(s) changed at 2026-06-29 15:28:34
                    _includes/bank-partners.html
                    ...done in 0.1599702 seconds.
                    
      Regenerating: 1 file(s) changed at 2026-06-29 15:28:53
                    _assets/layout/_bank-partners.scss
                    ...done in 0.1636812 seconds.
                    
      Regenerating: 1 file(s) changed at 2026-06-29 15:28:56
                    _assets/layout/_bank-partners.scss
                    ...done in 0.1463543 seconds.
                    
      Regenerating: 1 file(s) changed at 2026-06-29 15:29:01
                    _assets/layout/_bank-partners.scss
                    ...done in 0.195389 seconds.
                    
      Regenerating: 19 file(s) changed at 2026-06-29 15:29:25
                    assets/fonts/fa-regular-400.eot
                    assets/fonts/fa-regular-400.ttf
                    assets/fonts/fa-brands-400.ttf
                    assets/fonts/fa-brands-400.eot
                    assets/fonts/fa-solid-900.ttf
                    assets/fonts/fa-regular-400.svg
                    assets/fonts/fa-solid-900.eot
                    assets/fonts/fa-brands-400.woff
                    assets/fonts/fa-regular-400.woff
                    assets/fonts/fa-regular-400.woff2
                    assets/fonts/fa-brands-400.woff2
                    assets/fonts/fa-solid-900.woff2
                    assets/fonts/fa-solid-900.woff
                    assets/fonts/fa-solid-900.svg
                    assets/fonts/fa-brands-400.svg
                    assets/bundle.css
                    assets/bundle.js
                    assets/bundle.js.LICENSE.txt
                    assets/img/hero.jpg
                    ...done in 0.3376325 seconds.
                    
      Regenerating: 1 file(s) changed at 2026-06-29 15:41:48
                    assets/img/sections/banks-hero.jpg
                    ...done in 0.4575925 seconds.
                    
      Regenerating: 1 file(s) changed at 2026-06-29 15:41:49
                    assets/img/sections/banks-hero.jpg
                    ...done in 0.512873 seconds.
                    
      Regenerating: 1 file(s) changed at 2026-06-29 15:47:21
                    _includes/bank-partners.html
                    
      Regenerating: 1 file(s) changed at 2026-06-29 15:47:35
                    _includes/bank-partners.html
                    ...done in 0.482368 seconds.
                    
      Regenerating: 1 file(s) changed at 2026-06-29 15:47:44
                    _assets/layout/_bank-partners.scss
                    ...done in 0.3710597 seconds.
                    
      Regenerating: 1 file(s) changed at 2026-06-29 15:48:20
                    _assets/layout/_bank-partners.scss
                    ...done in 0.4473758 seconds.
                    
      Regenerating: 18 file(s) changed at 2026-06-29 15:48:37
                    assets/img/hero.jpg
                    assets/fonts/fa-brands-400.eot
                    assets/fonts/fa-regular-400.eot
                    assets/fonts/fa-brands-400.ttf
                    assets/fonts/fa-solid-900.eot
                    assets/fonts/fa-regular-400.ttf
                    assets/fonts/fa-regular-400.svg
                    assets/fonts/fa-solid-900.ttf
                    assets/fonts/fa-brands-400.woff
                    assets/fonts/fa-solid-900.woff2
                    assets/fonts/fa-regular-400.woff2
                    assets/fonts/fa-regular-400.woff
                    assets/fonts/fa-solid-900.woff
                    assets/fonts/fa-brands-400.svg
                    assets/fonts/fa-brands-400.woff2
                    assets/bundle.css
                    assets/bundle.js
                    assets/fonts/fa-solid-900.svg
                    ...done in 0.5050202 seconds.
                    
      Regenerating: 1 file(s) changed at 2026-06-29 15:49:48
                    bank-partners.md
                    ...done in 0.4968736 seconds.
                    
      Regenerating: 1 file(s) changed at 2026-06-29 15:50:56
                    _includes/bank-partners.html
                    ...done in 0.3847662 seconds.
                    
